This is ApacheBench, Version 2.3 <$Revision: 1807734 $>
Copyright 1996 Adam Twiss, Zeus Technology Ltd, http://www.zeustech.net/
Licensed to The Apache Software Foundation, http://www.apache.org/

Benchmarking localhost (be patient).....done


Server Software:        
Server Hostname:        localhost
Server Port:            8083

Document Path:          /xls/generate
Document Length:        4523 bytes

Concurrency Level:      1
Time taken for tests:   0.014 seconds
Complete requests:      1
Failed requests:        0
Total transferred:      4596 bytes
Total body sent:        404
HTML transferred:       4523 bytes
Requests per second:    71.99 [#/sec] (mean)
Time per request:       13.891 [ms] (mean)
Time per request:       13.891 [ms] (mean, across all concurrent requests)
Transfer rate:          323.11 [Kbytes/sec] received
                        28.40 kb/s sent
                        351.51 kb/s total

Connection Times (ms)
              min  mean[+/-sd] median   max
Connect:        0    0   0.0      0       0
Processing:    14   14   0.0     14      14
Waiting:       14   14   0.0     14      14
Total:         14   14   0.0     14      14
This is ApacheBench, Version 2.3 <$Revision: 1807734 $>
Copyright 1996 Adam Twiss, Zeus Technology Ltd, http://www.zeustech.net/
Licensed to The Apache Software Foundation, http://www.apache.org/

Benchmarking localhost (be patient)
Completed 10000000 requests
Completed 20000000 requests
